<?xml version="1.0" encoding="UTF-8"?>
<testng-results ignored="0" total="1" passed="1" failed="0" skipped="0">
  <reporter-output>
  </reporter-output>
  <suite started-at="2025-12-18T11:28:32 IST" name="Suite" finished-at="2025-12-18T11:29:22 IST" duration-ms="49643">
    <groups>
    </groups>
    <test started-at="2025-12-18T11:28:32 IST" name="Test" finished-at="2025-12-18T11:29:22 IST" duration-ms="49643">
      <class name="Testcases.ProductTest">
        <test-method is-config="true" signature="Setup()[pri:0, instance:Testcases.ProductTest@5542c4ed]" started-at="2025-12-18T11:28:33 IST" name="Setup" finished-at="2025-12-18T11:28:54 IST" duration-ms="20808" status="PASS">
          <reporter-output>
          </reporter-output>
        </test-method> <!-- Setup -->
        <test-method signature="PrintProduct()[pri:0, instance:Testcases.ProductTest@5542c4ed]" started-at="2025-12-18T11:28:54 IST" name="PrintProduct" finished-at="2025-12-18T11:29:16 IST" duration-ms="22847" status="PASS">
          <reporter-output>
          </reporter-output>
        </test-method> <!-- PrintProduct -->
        <test-method is-config="true" signature="Teardown()[pri:0, instance:Testcases.ProductTest@5542c4ed]" started-at="2025-12-18T11:29:16 IST" name="Teardown" finished-at="2025-12-18T11:29:22 IST" duration-ms="5534" status="PASS">
          <reporter-output>
          </reporter-output>
        </test-method> <!-- Teardown -->
      </class> <!-- Testcases.ProductTest -->
    </test> <!-- Test -->
  </suite> <!-- Suite -->
</testng-results>
